2025-12-17 01:09:51,209 - INFO - Scanning directory for .mdx files: ./my-website/docs
2025-12-17 01:09:51,211 - INFO - Found 7 .mdx files
2025-12-17 01:09:51,212 - INFO -   - ./my-website/docs\glossary.mdx
2025-12-17 01:09:51,213 - INFO -   - ./my-website/docs\module1\chapter1.mdx
2025-12-17 01:09:51,213 - INFO -   - ./my-website/docs\module1\chapter2.mdx
2025-12-17 01:09:51,214 - INFO -   - ./my-website/docs\module2\chapter3.mdx
2025-12-17 01:09:51,214 - INFO -   - ./my-website/docs\module2\chapter4.mdx
2025-12-17 01:09:51,214 - INFO -   - ./my-website/docs\module3\chapter5.mdx
2025-12-17 01:09:51,215 - INFO -   - ./my-website/docs\module4\chapter6.mdx
2025-12-17 01:09:57,112 - INFO - Cohere client initialized successfully
2025-12-17 01:10:06,444 - INFO - HTTP Request: GET https://27f084ce-087d-4a69-83a9-f74d7ab74324.europe-west3-0.gcp.cloud.qdrant.io:6333 "HTTP/1.1 200 OK"
2025-12-17 01:10:07,128 - INFO - HTTP Request: GET https://27f084ce-087d-4a69-83a9-f74d7ab74324.europe-west3-0.gcp.cloud.qdrant.io:6333/collections "HTTP/1.1 200 OK"
2025-12-17 01:10:07,132 - INFO - Qdrant client initialized successfully
2025-12-17 01:10:07,132 - INFO - Creating Qdrant collection: book_vectors
2025-12-17 01:10:07,434 - INFO - HTTP Request: GET https://27f084ce-087d-4a69-83a9-f74d7ab74324.europe-west3-0.gcp.cloud.qdrant.io:6333/collections "HTTP/1.1 200 OK"
2025-12-17 01:10:07,436 - INFO - Collection book_vectors already exists
2025-12-17 01:10:07,437 - INFO - Qdrant collection verified/created
2025-12-17 01:10:07,437 - INFO - Processing file 1/7: ./my-website/docs\glossary.mdx
2025-12-17 01:10:07,437 - INFO - Processing file for vectorization: ./my-website/docs\glossary.mdx
2025-12-17 01:10:07,438 - INFO - Reading MDX file: ./my-website/docs\glossary.mdx
2025-12-17 01:10:07,439 - INFO - Successfully read 6202 characters from ./my-website/docs\glossary.mdx
2025-12-17 01:10:07,439 - INFO - Extracted module: root, chapter: glossary from ./my-website/docs\glossary.mdx
2025-12-17 01:10:07,439 - INFO - Converting MDX content to plain text
2025-12-17 01:10:07,448 - INFO - MDX conversion complete: 6202 -> 5756 characters
2025-12-17 01:10:07,449 - INFO - Chunking text of length 5756 with chunk_size=512, overlap=50
2025-12-17 01:10:07,449 - INFO - Text chunked into 63 chunks
2025-12-17 01:10:07,450 - INFO - Text chunked into 63 chunks
2025-12-17 01:10:07,450 - INFO - Preparing 63 chunks for embedding from ./my-website/docs\glossary.mdx
2025-12-17 01:10:07,455 - INFO - Prepared 63 VectorRecords for embedding
2025-12-17 01:10:07,455 - INFO - Prepared 63 vector records for embedding
2025-12-17 01:10:07,456 - INFO - Embedding 63 text chunks using model: embed-multilingual-v3.0
2025-12-17 01:10:09,473 - INFO - HTTP Request: POST https://api.cohere.com/v1/embed "HTTP/1.1 200 OK"
2025-12-17 01:10:11,835 - INFO - Successfully embedded 63 chunks
2025-12-17 01:10:11,837 - INFO - All vector records updated with embeddings
2025-12-17 01:10:11,837 - INFO - Successfully embedded 63 vector records
2025-12-17 01:10:11,838 - INFO - Completed processing ./my-website/docs\glossary.mdx in 4.40s, created 63 embedded records
2025-12-17 01:10:11,839 - INFO - Performance: 4.40s elapsed, ~30.81s estimated total, ~26.41s remaining, 14.3% complete
2025-12-17 01:10:11,839 - INFO - Process on track to complete within 10-minute target (estimated: 30.81s)
2025-12-17 01:10:11,840 - INFO - Processing file 2/7: ./my-website/docs\module1\chapter1.mdx
2025-12-17 01:10:11,840 - INFO - Processing file for vectorization: ./my-website/docs\module1\chapter1.mdx
2025-12-17 01:10:11,841 - INFO - Reading MDX file: ./my-website/docs\module1\chapter1.mdx
2025-12-17 01:10:11,843 - INFO - Successfully read 8184 characters from ./my-website/docs\module1\chapter1.mdx
2025-12-17 01:10:11,843 - INFO - Extracted module: module1, chapter: chapter1 from ./my-website/docs\module1\chapter1.mdx
2025-12-17 01:10:11,843 - INFO - Converting MDX content to plain text
2025-12-17 01:10:11,852 - INFO - MDX conversion complete: 8184 -> 7220 characters
2025-12-17 01:10:11,853 - INFO - Chunking text of length 7220 with chunk_size=512, overlap=50
2025-12-17 01:10:11,854 - INFO - Text chunked into 66 chunks
2025-12-17 01:10:11,855 - INFO - Text chunked into 66 chunks
2025-12-17 01:10:11,856 - INFO - Preparing 66 chunks for embedding from ./my-website/docs\module1\chapter1.mdx
2025-12-17 01:10:11,861 - INFO - Prepared 66 VectorRecords for embedding
2025-12-17 01:10:11,861 - INFO - Prepared 66 vector records for embedding
2025-12-17 01:10:11,862 - INFO - Embedding 66 text chunks using model: embed-multilingual-v3.0
2025-12-17 01:10:12,555 - INFO - HTTP Request: POST https://api.cohere.com/v1/embed "HTTP/1.1 200 OK"
2025-12-17 01:10:15,190 - INFO - Successfully embedded 66 chunks
2025-12-17 01:10:15,191 - INFO - All vector records updated with embeddings
2025-12-17 01:10:15,192 - INFO - Successfully embedded 66 vector records
2025-12-17 01:10:15,192 - INFO - Completed processing ./my-website/docs\module1\chapter1.mdx in 3.35s, created 66 embedded records
2025-12-17 01:10:15,192 - INFO - Performance: 7.76s elapsed, ~27.14s estimated total, ~19.39s remaining, 28.6% complete
2025-12-17 01:10:15,193 - INFO - Process on track to complete within 10-minute target (estimated: 27.14s)
2025-12-17 01:10:15,193 - INFO - Processing file 3/7: ./my-website/docs\module1\chapter2.mdx
2025-12-17 01:10:15,193 - INFO - Processing file for vectorization: ./my-website/docs\module1\chapter2.mdx
2025-12-17 01:10:15,193 - INFO - Reading MDX file: ./my-website/docs\module1\chapter2.mdx
2025-12-17 01:10:15,194 - INFO - Successfully read 7936 characters from ./my-website/docs\module1\chapter2.mdx
2025-12-17 01:10:15,195 - INFO - Extracted module: module1, chapter: chapter2 from ./my-website/docs\module1\chapter2.mdx
2025-12-17 01:10:15,195 - INFO - Converting MDX content to plain text
2025-12-17 01:10:15,202 - INFO - MDX conversion complete: 7936 -> 6197 characters
2025-12-17 01:10:15,203 - INFO - Chunking text of length 6197 with chunk_size=512, overlap=50
2025-12-17 01:10:15,204 - INFO - Text chunked into 64 chunks
2025-12-17 01:10:15,204 - INFO - Text chunked into 64 chunks
2025-12-17 01:10:15,205 - INFO - Preparing 64 chunks for embedding from ./my-website/docs\module1\chapter2.mdx
2025-12-17 01:10:15,207 - INFO - Prepared 64 VectorRecords for embedding
2025-12-17 01:10:15,208 - INFO - Prepared 64 vector records for embedding
2025-12-17 01:10:15,208 - INFO - Embedding 64 text chunks using model: embed-multilingual-v3.0
2025-12-17 01:10:15,832 - INFO - HTTP Request: POST https://api.cohere.com/v1/embed "HTTP/1.1 200 OK"
2025-12-17 01:10:18,651 - INFO - Successfully embedded 64 chunks
2025-12-17 01:10:18,651 - INFO - All vector records updated with embeddings
2025-12-17 01:10:18,652 - INFO - Successfully embedded 64 vector records
2025-12-17 01:10:18,652 - INFO - Completed processing ./my-website/docs\module1\chapter2.mdx in 3.46s, created 64 embedded records
2025-12-17 01:10:18,652 - INFO - Performance: 11.22s elapsed, ~26.17s estimated total, ~14.95s remaining, 42.9% complete
2025-12-17 01:10:18,653 - INFO - Process on track to complete within 10-minute target (estimated: 26.17s)
2025-12-17 01:10:18,653 - INFO - Processing file 4/7: ./my-website/docs\module2\chapter3.mdx
2025-12-17 01:10:18,653 - INFO - Processing file for vectorization: ./my-website/docs\module2\chapter3.mdx
2025-12-17 01:10:18,654 - INFO - Reading MDX file: ./my-website/docs\module2\chapter3.mdx
2025-12-17 01:10:18,655 - INFO - Successfully read 6519 characters from ./my-website/docs\module2\chapter3.mdx
2025-12-17 01:10:18,655 - INFO - Extracted module: module2, chapter: chapter3 from ./my-website/docs\module2\chapter3.mdx
2025-12-17 01:10:18,655 - INFO - Converting MDX content to plain text
2025-12-17 01:10:18,659 - INFO - MDX conversion complete: 6519 -> 5132 characters
2025-12-17 01:10:18,659 - INFO - Chunking text of length 5132 with chunk_size=512, overlap=50
2025-12-17 01:10:18,660 - INFO - Text chunked into 61 chunks
2025-12-17 01:10:18,660 - INFO - Text chunked into 61 chunks
2025-12-17 01:10:18,660 - INFO - Preparing 61 chunks for embedding from ./my-website/docs\module2\chapter3.mdx
2025-12-17 01:10:18,662 - INFO - Prepared 61 VectorRecords for embedding
2025-12-17 01:10:18,662 - INFO - Prepared 61 vector records for embedding
2025-12-17 01:10:18,663 - INFO - Embedding 61 text chunks using model: embed-multilingual-v3.0
2025-12-17 01:10:19,094 - INFO - HTTP Request: POST https://api.cohere.com/v1/embed "HTTP/1.1 200 OK"
2025-12-17 01:10:22,486 - INFO - Successfully embedded 61 chunks
2025-12-17 01:10:22,487 - INFO - All vector records updated with embeddings
2025-12-17 01:10:22,487 - INFO - Successfully embedded 61 vector records
2025-12-17 01:10:22,488 - INFO - Completed processing ./my-website/docs\module2\chapter3.mdx in 3.83s, created 61 embedded records
2025-12-17 01:10:22,488 - INFO - Performance: 15.05s elapsed, ~26.34s estimated total, ~11.29s remaining, 57.1% complete
2025-12-17 01:10:22,489 - INFO - Process on track to complete within 10-minute target (estimated: 26.34s)
2025-12-17 01:10:22,489 - INFO - Processing file 5/7: ./my-website/docs\module2\chapter4.mdx
2025-12-17 01:10:22,490 - INFO - Processing file for vectorization: ./my-website/docs\module2\chapter4.mdx
2025-12-17 01:10:22,490 - INFO - Reading MDX file: ./my-website/docs\module2\chapter4.mdx
2025-12-17 01:10:22,492 - INFO - Successfully read 5637 characters from ./my-website/docs\module2\chapter4.mdx
2025-12-17 01:10:22,492 - INFO - Extracted module: module2, chapter: chapter4 from ./my-website/docs\module2\chapter4.mdx
2025-12-17 01:10:22,492 - INFO - Converting MDX content to plain text
2025-12-17 01:10:22,496 - INFO - MDX conversion complete: 5637 -> 5124 characters
2025-12-17 01:10:22,496 - INFO - Chunking text of length 5124 with chunk_size=512, overlap=50
2025-12-17 01:10:22,497 - INFO - Text chunked into 61 chunks
2025-12-17 01:10:22,497 - INFO - Text chunked into 61 chunks
2025-12-17 01:10:22,499 - INFO - Preparing 61 chunks for embedding from ./my-website/docs\module2\chapter4.mdx
2025-12-17 01:10:22,501 - INFO - Prepared 61 VectorRecords for embedding
2025-12-17 01:10:22,501 - INFO - Prepared 61 vector records for embedding
2025-12-17 01:10:22,502 - INFO - Embedding 61 text chunks using model: embed-multilingual-v3.0
2025-12-17 01:10:23,011 - INFO - HTTP Request: POST https://api.cohere.com/v1/embed "HTTP/1.1 200 OK"
2025-12-17 01:10:25,889 - INFO - Successfully embedded 61 chunks
2025-12-17 01:10:25,890 - INFO - All vector records updated with embeddings
2025-12-17 01:10:25,890 - INFO - Successfully embedded 61 vector records
2025-12-17 01:10:25,890 - INFO - Completed processing ./my-website/docs\module2\chapter4.mdx in 3.40s, created 61 embedded records
2025-12-17 01:10:25,891 - INFO - Performance: 18.45s elapsed, ~25.84s estimated total, ~7.38s remaining, 71.4% complete
2025-12-17 01:10:25,891 - INFO - Process on track to complete within 10-minute target (estimated: 25.84s)
2025-12-17 01:10:25,891 - INFO - Processing file 6/7: ./my-website/docs\module3\chapter5.mdx
2025-12-17 01:10:25,892 - INFO - Processing file for vectorization: ./my-website/docs\module3\chapter5.mdx
2025-12-17 01:10:25,892 - INFO - Reading MDX file: ./my-website/docs\module3\chapter5.mdx
2025-12-17 01:10:25,893 - INFO - Successfully read 7308 characters from ./my-website/docs\module3\chapter5.mdx
2025-12-17 01:10:25,893 - INFO - Extracted module: module3, chapter: chapter5 from ./my-website/docs\module3\chapter5.mdx
2025-12-17 01:10:25,893 - INFO - Converting MDX content to plain text
2025-12-17 01:10:25,902 - INFO - MDX conversion complete: 7308 -> 6620 characters
2025-12-17 01:10:25,903 - INFO - Chunking text of length 6620 with chunk_size=512, overlap=50
2025-12-17 01:10:25,903 - INFO - Text chunked into 65 chunks
2025-12-17 01:10:25,904 - INFO - Text chunked into 65 chunks
2025-12-17 01:10:25,904 - INFO - Preparing 65 chunks for embedding from ./my-website/docs\module3\chapter5.mdx
2025-12-17 01:10:25,907 - INFO - Prepared 65 VectorRecords for embedding
2025-12-17 01:10:25,907 - INFO - Prepared 65 vector records for embedding
2025-12-17 01:10:25,907 - INFO - Embedding 65 text chunks using model: embed-multilingual-v3.0
2025-12-17 01:10:26,310 - INFO - HTTP Request: POST https://api.cohere.com/v1/embed "HTTP/1.1 200 OK"
2025-12-17 01:10:28,954 - INFO - Successfully embedded 65 chunks
2025-12-17 01:10:28,955 - INFO - All vector records updated with embeddings
2025-12-17 01:10:28,956 - INFO - Successfully embedded 65 vector records
2025-12-17 01:10:28,956 - INFO - Completed processing ./my-website/docs\module3\chapter5.mdx in 3.06s, created 65 embedded records
2025-12-17 01:10:28,956 - INFO - Performance: 21.52s elapsed, ~25.11s estimated total, ~3.59s remaining, 85.7% complete
2025-12-17 01:10:28,957 - INFO - Process on track to complete within 10-minute target (estimated: 25.11s)
2025-12-17 01:10:28,957 - INFO - Processing file 7/7: ./my-website/docs\module4\chapter6.mdx
2025-12-17 01:10:28,957 - INFO - Processing file for vectorization: ./my-website/docs\module4\chapter6.mdx
2025-12-17 01:10:28,958 - INFO - Reading MDX file: ./my-website/docs\module4\chapter6.mdx
2025-12-17 01:10:28,959 - INFO - Successfully read 8391 characters from ./my-website/docs\module4\chapter6.mdx
2025-12-17 01:10:28,960 - INFO - Extracted module: module4, chapter: chapter6 from ./my-website/docs\module4\chapter6.mdx
2025-12-17 01:10:28,960 - INFO - Converting MDX content to plain text
2025-12-17 01:10:28,969 - INFO - MDX conversion complete: 8391 -> 7786 characters
2025-12-17 01:10:28,970 - INFO - Chunking text of length 7786 with chunk_size=512, overlap=50
2025-12-17 01:10:28,970 - INFO - Text chunked into 67 chunks
2025-12-17 01:10:28,971 - INFO - Text chunked into 67 chunks
2025-12-17 01:10:28,971 - INFO - Preparing 67 chunks for embedding from ./my-website/docs\module4\chapter6.mdx
2025-12-17 01:10:28,973 - INFO - Prepared 67 VectorRecords for embedding
2025-12-17 01:10:28,974 - INFO - Prepared 67 vector records for embedding
2025-12-17 01:10:28,974 - INFO - Embedding 67 text chunks using model: embed-multilingual-v3.0
2025-12-17 01:10:29,452 - INFO - HTTP Request: POST https://api.cohere.com/v1/embed "HTTP/1.1 200 OK"
2025-12-17 01:10:32,190 - INFO - Successfully embedded 67 chunks
2025-12-17 01:10:32,190 - INFO - All vector records updated with embeddings
2025-12-17 01:10:32,191 - INFO - Successfully embedded 67 vector records
2025-12-17 01:10:32,191 - INFO - Completed processing ./my-website/docs\module4\chapter6.mdx in 3.23s, created 67 embedded records
2025-12-17 01:10:32,191 - INFO - Performance: 24.75s elapsed, ~24.75s estimated total, ~0.00s remaining, 100.0% complete
2025-12-17 01:10:32,191 - INFO - Process on track to complete within 10-minute target (estimated: 24.75s)
2025-12-17 01:10:32,192 - INFO - Processed all files, created 447 vector records from 7 files
2025-12-17 01:10:32,192 - INFO - Batch storing 447 vectors in Qdrant collection: book_vectors (batch size: 100)
2025-12-17 01:10:36,578 - INFO - HTTP Request: PUT https://27f084ce-087d-4a69-83a9-f74d7ab74324.europe-west3-0.gcp.cloud.qdrant.io:6333/collections/book_vectors/points?wait=true "HTTP/1.1 200 OK"
2025-12-17 01:10:36,584 - INFO - Batch 1 completed: 100/447 vectors stored
2025-12-17 01:10:39,282 - INFO - HTTP Request: PUT https://27f084ce-087d-4a69-83a9-f74d7ab74324.europe-west3-0.gcp.cloud.qdrant.io:6333/collections/book_vectors/points?wait=true "HTTP/1.1 200 OK"
2025-12-17 01:10:39,286 - INFO - Batch 2 completed: 200/447 vectors stored
2025-12-17 01:10:42,053 - INFO - HTTP Request: PUT https://27f084ce-087d-4a69-83a9-f74d7ab74324.europe-west3-0.gcp.cloud.qdrant.io:6333/collections/book_vectors/points?wait=true "HTTP/1.1 200 OK"
2025-12-17 01:10:42,056 - INFO - Batch 3 completed: 300/447 vectors stored
2025-12-17 01:10:45,119 - INFO - HTTP Request: PUT https://27f084ce-087d-4a69-83a9-f74d7ab74324.europe-west3-0.gcp.cloud.qdrant.io:6333/collections/book_vectors/points?wait=true "HTTP/1.1 200 OK"
2025-12-17 01:10:45,123 - INFO - Batch 4 completed: 400/447 vectors stored
2025-12-17 01:10:46,454 - INFO - HTTP Request: PUT https://27f084ce-087d-4a69-83a9-f74d7ab74324.europe-west3-0.gcp.cloud.qdrant.io:6333/collections/book_vectors/points?wait=true "HTTP/1.1 200 OK"
2025-12-17 01:10:46,456 - INFO - Batch 5 completed: 447/447 vectors stored
2025-12-17 01:10:46,457 - INFO - Successfully batch stored 447 vectors in Qdrant
2025-12-17 01:10:46,457 - INFO - Successfully stored 447 vectors in Qdrant
2025-12-17 01:10:46,457 - INFO - Verifying stored vectors in collection: book_vectors
2025-12-17 01:10:46,757 - INFO - HTTP Request: GET https://27f084ce-087d-4a69-83a9-f74d7ab74324.europe-west3-0.gcp.cloud.qdrant.io:6333/collections/book_vectors "HTTP/1.1 200 OK"
2025-12-17 01:10:46,763 - INFO - Collection 'book_vectors' contains 894 vectors
2025-12-17 01:10:47,166 - INFO - HTTP Request: POST https://27f084ce-087d-4a69-83a9-f74d7ab74324.europe-west3-0.gcp.cloud.qdrant.io:6333/collections/book_vectors/points/scroll "HTTP/1.1 200 OK"
2025-12-17 01:10:47,170 - INFO - Retrieved 5 sample vectors for verification
2025-12-17 01:10:47,170 - INFO - Verification successful for 5 sample vectors
2025-12-17 01:10:47,170 - INFO - Vector verification successful
2025-12-17 01:10:47,171 - INFO - Validating all files were processed: 7 original, 7 processed
2025-12-17 01:10:47,171 - INFO - Validation results: All files processed: True, Vectors stored: True (447 vectors for 7 files)
2025-12-17 01:10:47,171 - INFO - File processing validation: PASSED
2025-12-17 01:22:56,904 - INFO - Scanning directory for .mdx files: my-website/docs
2025-12-17 01:22:56,907 - INFO - Found 7 .mdx files
2025-12-17 01:22:56,907 - INFO -   - my-website/docs\glossary.mdx
2025-12-17 01:22:56,908 - INFO -   - my-website/docs\module1\chapter1.mdx
2025-12-17 01:22:56,908 - INFO -   - my-website/docs\module1\chapter2.mdx
2025-12-17 01:22:56,908 - INFO -   - my-website/docs\module2\chapter3.mdx
2025-12-17 01:22:56,909 - INFO -   - my-website/docs\module2\chapter4.mdx
2025-12-17 01:22:56,909 - INFO -   - my-website/docs\module3\chapter5.mdx
2025-12-17 01:22:56,909 - INFO -   - my-website/docs\module4\chapter6.mdx
2025-12-17 01:23:01,232 - INFO - Cohere client initialized successfully
2025-12-17 01:23:10,806 - INFO - HTTP Request: GET https://27f084ce-087d-4a69-83a9-f74d7ab74324.europe-west3-0.gcp.cloud.qdrant.io:6333 "HTTP/1.1 200 OK"
2025-12-17 01:23:11,419 - INFO - HTTP Request: GET https://27f084ce-087d-4a69-83a9-f74d7ab74324.europe-west3-0.gcp.cloud.qdrant.io:6333/collections "HTTP/1.1 200 OK"
2025-12-17 01:23:11,425 - INFO - Qdrant client initialized successfully
2025-12-17 01:23:11,425 - INFO - Creating Qdrant collection: book_vectors
2025-12-17 01:23:11,726 - INFO - HTTP Request: GET https://27f084ce-087d-4a69-83a9-f74d7ab74324.europe-west3-0.gcp.cloud.qdrant.io:6333/collections "HTTP/1.1 200 OK"
2025-12-17 01:23:12,034 - INFO - HTTP Request: DELETE https://27f084ce-087d-4a69-83a9-f74d7ab74324.europe-west3-0.gcp.cloud.qdrant.io:6333/collections/book_vectors "HTTP/1.1 200 OK"
2025-12-17 01:23:12,443 - INFO - HTTP Request: PUT https://27f084ce-087d-4a69-83a9-f74d7ab74324.europe-west3-0.gcp.cloud.qdrant.io:6333/collections/book_vectors "HTTP/1.1 200 OK"
2025-12-17 01:23:12,445 - INFO - Successfully created collection: book_vectors
2025-12-17 01:23:12,445 - INFO - Qdrant collection verified/created
2025-12-17 01:23:12,445 - INFO - Processing file 1/7: my-website/docs\glossary.mdx
2025-12-17 01:23:12,446 - INFO - Processing file for vectorization: my-website/docs\glossary.mdx
2025-12-17 01:23:12,446 - INFO - Reading MDX file: my-website/docs\glossary.mdx
2025-12-17 01:23:12,447 - INFO - Successfully read 6202 characters from my-website/docs\glossary.mdx
2025-12-17 01:23:12,447 - INFO - Extracted module: root, chapter: glossary from my-website/docs\glossary.mdx
2025-12-17 01:23:12,448 - INFO - Converting MDX content to plain text
2025-12-17 01:23:12,457 - INFO - MDX conversion complete: 6202 -> 5756 characters
2025-12-17 01:23:12,458 - INFO - Chunking text of length 5756 with chunk_size=512, overlap=50
2025-12-17 01:23:12,459 - INFO - Text chunked into 63 chunks
2025-12-17 01:23:12,459 - INFO - Text chunked into 63 chunks
2025-12-17 01:23:12,459 - INFO - Preparing 63 chunks for embedding from my-website/docs\glossary.mdx
2025-12-17 01:23:12,461 - INFO - Prepared 63 VectorRecords for embedding
2025-12-17 01:23:12,462 - INFO - Prepared 63 vector records for embedding
2025-12-17 01:23:12,462 - INFO - Embedding 63 text chunks using model: embed-multilingual-v3.0
2025-12-17 01:23:13,738 - INFO - HTTP Request: POST https://api.cohere.com/v1/embed "HTTP/1.1 200 OK"
2025-12-17 01:23:16,641 - INFO - Successfully embedded 63 chunks
2025-12-17 01:23:16,642 - INFO - All vector records updated with embeddings
2025-12-17 01:23:16,642 - INFO - Successfully embedded 63 vector records
2025-12-17 01:23:16,643 - INFO - Completed processing my-website/docs\glossary.mdx in 4.20s, created 63 embedded records
2025-12-17 01:23:16,643 - INFO - Performance: 4.20s elapsed, ~29.38s estimated total, ~25.19s remaining, 14.3% complete
2025-12-17 01:23:16,643 - INFO - Process on track to complete within 10-minute target (estimated: 29.38s)
2025-12-17 01:23:16,644 - INFO - Processing file 2/7: my-website/docs\module1\chapter1.mdx
2025-12-17 01:23:16,644 - INFO - Processing file for vectorization: my-website/docs\module1\chapter1.mdx
2025-12-17 01:23:16,645 - INFO - Reading MDX file: my-website/docs\module1\chapter1.mdx
2025-12-17 01:23:16,708 - INFO - Successfully read 8184 characters from my-website/docs\module1\chapter1.mdx
2025-12-17 01:23:16,708 - INFO - Extracted module: module1, chapter: chapter1 from my-website/docs\module1\chapter1.mdx
2025-12-17 01:23:16,709 - INFO - Converting MDX content to plain text
2025-12-17 01:23:16,726 - INFO - MDX conversion complete: 8184 -> 7220 characters
2025-12-17 01:23:16,726 - INFO - Chunking text of length 7220 with chunk_size=512, overlap=50
2025-12-17 01:23:16,727 - INFO - Text chunked into 66 chunks
2025-12-17 01:23:16,728 - INFO - Text chunked into 66 chunks
2025-12-17 01:23:16,728 - INFO - Preparing 66 chunks for embedding from my-website/docs\module1\chapter1.mdx
2025-12-17 01:23:16,730 - INFO - Prepared 66 VectorRecords for embedding
2025-12-17 01:23:16,730 - INFO - Prepared 66 vector records for embedding
2025-12-17 01:23:16,731 - INFO - Embedding 66 text chunks using model: embed-multilingual-v3.0
2025-12-17 01:23:17,257 - INFO - HTTP Request: POST https://api.cohere.com/v1/embed "HTTP/1.1 200 OK"
2025-12-17 01:23:19,662 - INFO - Successfully embedded 66 chunks
2025-12-17 01:23:19,662 - INFO - All vector records updated with embeddings
2025-12-17 01:23:19,662 - INFO - Successfully embedded 66 vector records
2025-12-17 01:23:19,663 - INFO - Completed processing my-website/docs\module1\chapter1.mdx in 3.02s, created 66 embedded records
2025-12-17 01:23:19,663 - INFO - Performance: 7.22s elapsed, ~25.26s estimated total, ~18.04s remaining, 28.6% complete
2025-12-17 01:23:19,664 - INFO - Process on track to complete within 10-minute target (estimated: 25.26s)
2025-12-17 01:23:19,665 - INFO - Processing file 3/7: my-website/docs\module1\chapter2.mdx
2025-12-17 01:23:19,665 - INFO - Processing file for vectorization: my-website/docs\module1\chapter2.mdx
2025-12-17 01:23:19,665 - INFO - Reading MDX file: my-website/docs\module1\chapter2.mdx
2025-12-17 01:23:19,735 - INFO - Successfully read 7936 characters from my-website/docs\module1\chapter2.mdx
2025-12-17 01:23:19,736 - INFO - Extracted module: module1, chapter: chapter2 from my-website/docs\module1\chapter2.mdx
2025-12-17 01:23:19,736 - INFO - Converting MDX content to plain text
2025-12-17 01:23:19,741 - INFO - MDX conversion complete: 7936 -> 6197 characters
2025-12-17 01:23:19,742 - INFO - Chunking text of length 6197 with chunk_size=512, overlap=50
2025-12-17 01:23:19,743 - INFO - Text chunked into 64 chunks
2025-12-17 01:23:19,743 - INFO - Text chunked into 64 chunks
2025-12-17 01:23:19,743 - INFO - Preparing 64 chunks for embedding from my-website/docs\module1\chapter2.mdx
2025-12-17 01:23:19,745 - INFO - Prepared 64 VectorRecords for embedding
2025-12-17 01:23:19,746 - INFO - Prepared 64 vector records for embedding
2025-12-17 01:23:19,746 - INFO - Embedding 64 text chunks using model: embed-multilingual-v3.0
2025-12-17 01:23:20,388 - INFO - HTTP Request: POST https://api.cohere.com/v1/embed "HTTP/1.1 200 OK"
2025-12-17 01:23:23,099 - INFO - Successfully embedded 64 chunks
2025-12-17 01:23:23,101 - INFO - All vector records updated with embeddings
2025-12-17 01:23:23,101 - INFO - Successfully embedded 64 vector records
2025-12-17 01:23:23,102 - INFO - Completed processing my-website/docs\module1\chapter2.mdx in 3.44s, created 64 embedded records
2025-12-17 01:23:23,103 - INFO - Performance: 10.66s elapsed, ~24.87s estimated total, ~14.21s remaining, 42.9% complete
2025-12-17 01:23:23,103 - INFO - Process on track to complete within 10-minute target (estimated: 24.87s)
2025-12-17 01:23:23,104 - INFO - Processing file 4/7: my-website/docs\module2\chapter3.mdx
2025-12-17 01:23:23,104 - INFO - Processing file for vectorization: my-website/docs\module2\chapter3.mdx
2025-12-17 01:23:23,104 - INFO - Reading MDX file: my-website/docs\module2\chapter3.mdx
2025-12-17 01:23:23,160 - INFO - Successfully read 6519 characters from my-website/docs\module2\chapter3.mdx
2025-12-17 01:23:23,161 - INFO - Extracted module: module2, chapter: chapter3 from my-website/docs\module2\chapter3.mdx
2025-12-17 01:23:23,161 - INFO - Converting MDX content to plain text
2025-12-17 01:23:23,170 - INFO - MDX conversion complete: 6519 -> 5132 characters
2025-12-17 01:23:23,172 - INFO - Chunking text of length 5132 with chunk_size=512, overlap=50
2025-12-17 01:23:23,173 - INFO - Text chunked into 61 chunks
2025-12-17 01:23:23,173 - INFO - Text chunked into 61 chunks
2025-12-17 01:23:23,173 - INFO - Preparing 61 chunks for embedding from my-website/docs\module2\chapter3.mdx
2025-12-17 01:23:23,175 - INFO - Prepared 61 VectorRecords for embedding
2025-12-17 01:23:23,176 - INFO - Prepared 61 vector records for embedding
2025-12-17 01:23:23,176 - INFO - Embedding 61 text chunks using model: embed-multilingual-v3.0
2025-12-17 01:23:23,635 - INFO - HTTP Request: POST https://api.cohere.com/v1/embed "HTTP/1.1 200 OK"
2025-12-17 01:23:28,581 - INFO - Successfully embedded 61 chunks
2025-12-17 01:23:28,582 - INFO - All vector records updated with embeddings
2025-12-17 01:23:28,582 - INFO - Successfully embedded 61 vector records
2025-12-17 01:23:28,583 - INFO - Completed processing my-website/docs\module2\chapter3.mdx in 5.48s, created 61 embedded records
2025-12-17 01:23:28,583 - INFO - Performance: 16.14s elapsed, ~28.24s estimated total, ~12.10s remaining, 57.1% complete
2025-12-17 01:23:28,584 - INFO - Process on track to complete within 10-minute target (estimated: 28.24s)
2025-12-17 01:23:28,585 - INFO - Processing file 5/7: my-website/docs\module2\chapter4.mdx
2025-12-17 01:23:28,586 - INFO - Processing file for vectorization: my-website/docs\module2\chapter4.mdx
2025-12-17 01:23:28,586 - INFO - Reading MDX file: my-website/docs\module2\chapter4.mdx
2025-12-17 01:23:28,653 - INFO - Successfully read 5637 characters from my-website/docs\module2\chapter4.mdx
2025-12-17 01:23:28,654 - INFO - Extracted module: module2, chapter: chapter4 from my-website/docs\module2\chapter4.mdx
2025-12-17 01:23:28,655 - INFO - Converting MDX content to plain text
2025-12-17 01:23:28,668 - INFO - MDX conversion complete: 5637 -> 5124 characters
2025-12-17 01:23:28,669 - INFO - Chunking text of length 5124 with chunk_size=512, overlap=50
2025-12-17 01:23:28,669 - INFO - Text chunked into 61 chunks
2025-12-17 01:23:28,670 - INFO - Text chunked into 61 chunks
2025-12-17 01:23:28,670 - INFO - Preparing 61 chunks for embedding from my-website/docs\module2\chapter4.mdx
2025-12-17 01:23:28,672 - INFO - Prepared 61 VectorRecords for embedding
2025-12-17 01:23:28,673 - INFO - Prepared 61 vector records for embedding
2025-12-17 01:23:28,673 - INFO - Embedding 61 text chunks using model: embed-multilingual-v3.0
2025-12-17 01:23:29,058 - INFO - HTTP Request: POST https://api.cohere.com/v1/embed "HTTP/1.1 200 OK"
2025-12-17 01:23:32,103 - INFO - Successfully embedded 61 chunks
2025-12-17 01:23:32,103 - INFO - All vector records updated with embeddings
2025-12-17 01:23:32,104 - INFO - Successfully embedded 61 vector records
2025-12-17 01:23:32,104 - INFO - Completed processing my-website/docs\module2\chapter4.mdx in 3.52s, created 61 embedded records
2025-12-17 01:23:32,104 - INFO - Performance: 19.66s elapsed, ~27.52s estimated total, ~7.86s remaining, 71.4% complete
2025-12-17 01:23:32,105 - INFO - Process on track to complete within 10-minute target (estimated: 27.52s)
2025-12-17 01:23:32,105 - INFO - Processing file 6/7: my-website/docs\module3\chapter5.mdx
2025-12-17 01:23:32,105 - INFO - Processing file for vectorization: my-website/docs\module3\chapter5.mdx
2025-12-17 01:23:32,105 - INFO - Reading MDX file: my-website/docs\module3\chapter5.mdx
2025-12-17 01:23:32,188 - INFO - Successfully read 7308 characters from my-website/docs\module3\chapter5.mdx
2025-12-17 01:23:32,188 - INFO - Extracted module: module3, chapter: chapter5 from my-website/docs\module3\chapter5.mdx
2025-12-17 01:23:32,189 - INFO - Converting MDX content to plain text
2025-12-17 01:23:32,195 - INFO - MDX conversion complete: 7308 -> 6620 characters
2025-12-17 01:23:32,196 - INFO - Chunking text of length 6620 with chunk_size=512, overlap=50
2025-12-17 01:23:32,196 - INFO - Text chunked into 65 chunks
2025-12-17 01:23:32,197 - INFO - Text chunked into 65 chunks
2025-12-17 01:23:32,197 - INFO - Preparing 65 chunks for embedding from my-website/docs\module3\chapter5.mdx
2025-12-17 01:23:32,200 - INFO - Prepared 65 VectorRecords for embedding
2025-12-17 01:23:32,200 - INFO - Prepared 65 vector records for embedding
2025-12-17 01:23:32,201 - INFO - Embedding 65 text chunks using model: embed-multilingual-v3.0
2025-12-17 01:23:33,696 - INFO - HTTP Request: POST https://api.cohere.com/v1/embed "HTTP/1.1 200 OK"
2025-12-17 01:23:36,190 - INFO - Successfully embedded 65 chunks
2025-12-17 01:23:36,190 - INFO - All vector records updated with embeddings
2025-12-17 01:23:36,190 - INFO - Successfully embedded 65 vector records
2025-12-17 01:23:36,191 - INFO - Completed processing my-website/docs\module3\chapter5.mdx in 4.09s, created 65 embedded records
2025-12-17 01:23:36,191 - INFO - Performance: 23.75s elapsed, ~27.70s estimated total, ~3.96s remaining, 85.7% complete
2025-12-17 01:23:36,191 - INFO - Process on track to complete within 10-minute target (estimated: 27.70s)
2025-12-17 01:23:36,191 - INFO - Processing file 7/7: my-website/docs\module4\chapter6.mdx
2025-12-17 01:23:36,192 - INFO - Processing file for vectorization: my-website/docs\module4\chapter6.mdx
2025-12-17 01:23:36,192 - INFO - Reading MDX file: my-website/docs\module4\chapter6.mdx
2025-12-17 01:23:36,254 - INFO - Successfully read 8391 characters from my-website/docs\module4\chapter6.mdx
2025-12-17 01:23:36,257 - INFO - Extracted module: module4, chapter: chapter6 from my-website/docs\module4\chapter6.mdx
2025-12-17 01:23:36,258 - INFO - Converting MDX content to plain text
2025-12-17 01:23:36,273 - INFO - MDX conversion complete: 8391 -> 7786 characters
2025-12-17 01:23:36,274 - INFO - Chunking text of length 7786 with chunk_size=512, overlap=50
2025-12-17 01:23:36,274 - INFO - Text chunked into 67 chunks
2025-12-17 01:23:36,274 - INFO - Text chunked into 67 chunks
2025-12-17 01:23:36,275 - INFO - Preparing 67 chunks for embedding from my-website/docs\module4\chapter6.mdx
2025-12-17 01:23:36,279 - INFO - Prepared 67 VectorRecords for embedding
2025-12-17 01:23:36,280 - INFO - Prepared 67 vector records for embedding
2025-12-17 01:23:36,280 - INFO - Embedding 67 text chunks using model: embed-multilingual-v3.0
2025-12-17 01:23:37,023 - INFO - HTTP Request: POST https://api.cohere.com/v1/embed "HTTP/1.1 200 OK"
2025-12-17 01:23:42,088 - INFO - Successfully embedded 67 chunks
2025-12-17 01:23:42,088 - INFO - All vector records updated with embeddings
2025-12-17 01:23:42,089 - INFO - Successfully embedded 67 vector records
2025-12-17 01:23:42,089 - INFO - Completed processing my-website/docs\module4\chapter6.mdx in 5.90s, created 67 embedded records
2025-12-17 01:23:42,090 - INFO - Performance: 29.64s elapsed, ~29.64s estimated total, ~0.00s remaining, 100.0% complete
2025-12-17 01:23:42,090 - INFO - Process on track to complete within 10-minute target (estimated: 29.64s)
2025-12-17 01:23:42,090 - INFO - Processed all files, created 447 vector records from 7 files
2025-12-17 01:23:42,090 - INFO - Batch storing 447 vectors in Qdrant collection: book_vectors (batch size: 100)
2025-12-17 01:23:48,898 - WARNING - API call attempt 1 failed: The write operation timed out. Retrying in 1.0s...
2025-12-17 01:23:53,094 - INFO - HTTP Request: PUT https://27f084ce-087d-4a69-83a9-f74d7ab74324.europe-west3-0.gcp.cloud.qdrant.io:6333/collections/book_vectors/points?wait=true "HTTP/1.1 200 OK"
2025-12-17 01:23:53,101 - INFO - Batch 1 completed: 100/447 vectors stored
2025-12-17 01:23:55,347 - INFO - HTTP Request: PUT https://27f084ce-087d-4a69-83a9-f74d7ab74324.europe-west3-0.gcp.cloud.qdrant.io:6333/collections/book_vectors/points?wait=true "HTTP/1.1 200 OK"
2025-12-17 01:23:55,351 - INFO - Batch 2 completed: 200/447 vectors stored
2025-12-17 01:23:57,341 - INFO - HTTP Request: PUT https://27f084ce-087d-4a69-83a9-f74d7ab74324.europe-west3-0.gcp.cloud.qdrant.io:6333/collections/book_vectors/points?wait=true "HTTP/1.1 200 OK"
2025-12-17 01:23:57,345 - INFO - Batch 3 completed: 300/447 vectors stored
2025-12-17 01:23:59,643 - INFO - HTTP Request: PUT https://27f084ce-087d-4a69-83a9-f74d7ab74324.europe-west3-0.gcp.cloud.qdrant.io:6333/collections/book_vectors/points?wait=true "HTTP/1.1 200 OK"
2025-12-17 01:23:59,662 - INFO - Batch 4 completed: 400/447 vectors stored
2025-12-17 01:24:00,942 - INFO - HTTP Request: PUT https://27f084ce-087d-4a69-83a9-f74d7ab74324.europe-west3-0.gcp.cloud.qdrant.io:6333/collections/book_vectors/points?wait=true "HTTP/1.1 200 OK"
2025-12-17 01:24:00,944 - INFO - Batch 5 completed: 447/447 vectors stored
2025-12-17 01:24:00,944 - INFO - Successfully batch stored 447 vectors in Qdrant
2025-12-17 01:24:00,945 - INFO - Successfully stored 447 vectors in Qdrant
2025-12-17 01:24:00,945 - INFO - Verifying stored vectors in collection: book_vectors
2025-12-17 01:24:01,188 - INFO - HTTP Request: GET https://27f084ce-087d-4a69-83a9-f74d7ab74324.europe-west3-0.gcp.cloud.qdrant.io:6333/collections/book_vectors "HTTP/1.1 200 OK"
2025-12-17 01:24:01,193 - INFO - Collection 'book_vectors' contains 447 vectors
2025-12-17 01:24:01,482 - INFO - HTTP Request: POST https://27f084ce-087d-4a69-83a9-f74d7ab74324.europe-west3-0.gcp.cloud.qdrant.io:6333/collections/book_vectors/points/scroll "HTTP/1.1 200 OK"
2025-12-17 01:24:01,486 - INFO - Retrieved 5 sample vectors for verification
2025-12-17 01:24:01,486 - INFO - Verification successful for 5 sample vectors
2025-12-17 01:24:01,486 - INFO - Vector verification successful
2025-12-17 01:24:01,487 - INFO - Validating all files were processed: 7 original, 7 processed
2025-12-17 01:24:01,487 - INFO - Validation results: All files processed: True, Vectors stored: True (447 vectors for 7 files)
2025-12-17 01:24:01,487 - INFO - File processing validation: PASSED
